<?xml version="1.0" encoding="UTF-8"?>
<testng-results skipped="0" failed="0" total="1" passed="1">
  <reporter-output>
  </reporter-output>
  <suite name="Default Suite" duration-ms="318" started-at="2017-05-13T23:32:05Z" finished-at="2017-05-13T23:32:06Z">
    <groups>
    </groups>
    <test name="Selenium" duration-ms="318" started-at="2017-05-13T23:32:05Z" finished-at="2017-05-13T23:32:06Z">
      <class name="ReadJsonObject">
        <test-method status="PASS" signature="aptTesting()[pri:0, instance:ReadJsonObject@33e5ccce]" name="aptTesting" duration-ms="257" started-at="2017-05-13T18:32:05Z" finished-at="2017-05-13T18:32:06Z">
          <reporter-output>
          </reporter-output>
        </test-method> <!-- aptTesting -->
      </class> <!-- ReadJsonObject -->
    </test> <!-- Selenium -->
  </suite> <!-- Default Suite -->
</testng-results>
